  trainBlueData.cpp
c:\users\daseul\source\repos\adaboost_opencv\adaboost_opencv\trainbluedata.cpp(121): warning C4244: '인수': '_Tp'에서 '_Tp'(으)로 변환하면서 데이터가 손실될 수 있습니다.
          with
          [
              _Tp=float
          ]
          and
          [
              _Tp=int
          ]
c:\users\daseul\source\repos\adaboost_opencv\adaboost_opencv\trainbluedata.cpp(149): warning C4244: '=': '_Tp'에서 'int'(으)로 변환하면서 데이터가 손실될 수 있습니다.
          with
          [
              _Tp=float
          ]
c:\users\daseul\source\repos\adaboost_opencv\adaboost_opencv\trainbluedata.cpp(150): warning C4244: '=': '_Tp'에서 'int'(으)로 변환하면서 데이터가 손실될 수 있습니다.
          with
          [
              _Tp=float
          ]
c:\users\daseul\source\repos\adaboost_opencv\adaboost_opencv\trainbluedata.cpp(183): warning C4244: '인수': 'int'에서 'float'(으)로 변환하면서 데이터가 손실될 수 있습니다.
c:\users\daseul\source\repos\adaboost_opencv\adaboost_opencv\trainbluedata.cpp(185): warning C4244: '인수': 'int'에서 'float'(으)로 변환하면서 데이터가 손실될 수 있습니다.
c:\users\daseul\source\repos\adaboost_opencv\adaboost_opencv\trainbluedata.cpp(189): warning C4244: '인수': 'int'에서 'float'(으)로 변환하면서 데이터가 손실될 수 있습니다.
c:\users\daseul\source\repos\adaboost_opencv\adaboost_opencv\trainbluedata.cpp(200): warning C4244: '인수': '_Tp'에서 '_Tp'(으)로 변환하면서 데이터가 손실될 수 있습니다.
          with
          [
              _Tp=float
          ]
          and
          [
              _Tp=int
          ]
c:\users\daseul\source\repos\adaboost_opencv\adaboost_opencv\trainbluedata.cpp(202): warning C4477: 'printf' : 서식 문자열 '%d'에 'int' 형식의 인수가 필요하지만 variadic 인수 1의 형식이 'unsigned __int64'입니다.
  c:\users\daseul\source\repos\adaboost_opencv\adaboost_opencv\trainbluedata.cpp(202): note: 서식 문자열에서 '%zd'을(를) 사용하는 것이 좋습니다.
c:\users\daseul\source\repos\adaboost_opencv\adaboost_opencv\trainbluedata.cpp(209): warning C4477: 'printf' : 서식 문자열 '%d'에 'int' 형식의 인수가 필요하지만 variadic 인수 2의 형식이 'unsigned __int64'입니다.
  c:\users\daseul\source\repos\adaboost_opencv\adaboost_opencv\trainbluedata.cpp(209): note: 서식 문자열에서 '%zd'을(를) 사용하는 것이 좋습니다.
c:\users\daseul\source\repos\adaboost_opencv\adaboost_opencv\trainbluedata.cpp(657): warning C4244: '인수': '_Tp'에서 '_Tp'(으)로 변환하면서 데이터가 손실될 수 있습니다.
          with
          [
              _Tp=float
          ]
          and
          [
              _Tp=int
          ]
c:\users\daseul\source\repos\adaboost_opencv\adaboost_opencv\trainbluedata.cpp(658): warning C4244: '인수': '_Tp'에서 '_Tp'(으)로 변환하면서 데이터가 손실될 수 있습니다.
          with
          [
              _Tp=float
          ]
          and
          [
              _Tp=int
          ]
c:\users\daseul\source\repos\adaboost_opencv\adaboost_opencv\trainbluedata.cpp(701): warning C4267: '초기화 중': 'size_t'에서 'int'(으)로 변환하면서 데이터가 손실될 수 있습니다.
c:\users\daseul\source\repos\adaboost_opencv\adaboost_opencv\trainbluedata.cpp(702): warning C4477: 'printf' : 서식 문자열 '%d'에 'int' 형식의 인수가 필요하지만 variadic 인수 1의 형식이 'size_t'입니다.
  c:\users\daseul\source\repos\adaboost_opencv\adaboost_opencv\trainbluedata.cpp(702): note: 서식 문자열에서 '%zd'을(를) 사용하는 것이 좋습니다.
c:\users\daseul\source\repos\adaboost_opencv\adaboost_opencv\trainbluedata.cpp(702): warning C4477: 'printf' : 서식 문자열 '%d'에 'int' 형식의 인수가 필요하지만 variadic 인수 2의 형식이 'size_t'입니다.
  c:\users\daseul\source\repos\adaboost_opencv\adaboost_opencv\trainbluedata.cpp(702): note: 서식 문자열에서 '%zd'을(를) 사용하는 것이 좋습니다.
c:\users\daseul\source\repos\adaboost_opencv\adaboost_opencv\trainbluedata.cpp(722): warning C4244: '=': 'int'에서 'float'(으)로 변환하면서 데이터가 손실될 수 있습니다.
c:\users\daseul\source\repos\adaboost_opencv\adaboost_opencv\trainbluedata.cpp(723): warning C4244: '=': 'int'에서 'float'(으)로 변환하면서 데이터가 손실될 수 있습니다.
c:\users\daseul\source\repos\adaboost_opencv\adaboost_opencv\trainbluedata.cpp(734): warning C4244: '=': 'float'에서 'int'(으)로 변환하면서 데이터가 손실될 수 있습니다.
c:\users\daseul\source\repos\adaboost_opencv\adaboost_opencv\trainbluedata.cpp(794): warning C4267: '초기화 중': 'size_t'에서 'int'(으)로 변환하면서 데이터가 손실될 수 있습니다.
c:\users\daseul\source\repos\adaboost_opencv\adaboost_opencv\trainbluedata.cpp(795): warning C4477: 'printf' : 서식 문자열 '%d'에 'int' 형식의 인수가 필요하지만 variadic 인수 1의 형식이 'size_t'입니다.
  c:\users\daseul\source\repos\adaboost_opencv\adaboost_opencv\trainbluedata.cpp(795): note: 서식 문자열에서 '%zd'을(를) 사용하는 것이 좋습니다.
c:\users\daseul\source\repos\adaboost_opencv\adaboost_opencv\trainbluedata.cpp(795): warning C4477: 'printf' : 서식 문자열 '%d'에 'int' 형식의 인수가 필요하지만 variadic 인수 2의 형식이 'size_t'입니다.
  c:\users\daseul\source\repos\adaboost_opencv\adaboost_opencv\trainbluedata.cpp(795): note: 서식 문자열에서 '%zd'을(를) 사용하는 것이 좋습니다.
c:\users\daseul\source\repos\adaboost_opencv\adaboost_opencv\trainbluedata.cpp(860): warning C4244: '=': 'int'에서 'float'(으)로 변환하면서 데이터가 손실될 수 있습니다.
c:\users\daseul\source\repos\adaboost_opencv\adaboost_opencv\trainbluedata.cpp(861): warning C4244: '=': 'int'에서 'float'(으)로 변환하면서 데이터가 손실될 수 있습니다.
c:\users\daseul\source\repos\adaboost_opencv\adaboost_opencv\trainbluedata.cpp(866): warning C4244: '인수': 'float'에서 '_Tp'(으)로 변환하면서 데이터가 손실될 수 있습니다.
          with
          [
              _Tp=int
          ]
c:\users\daseul\source\repos\adaboost_opencv\adaboost_opencv\trainbluedata.cpp(884): warning C4244: '=': 'float'에서 'int'(으)로 변환하면서 데이터가 손실될 수 있습니다.
c:\users\daseul\source\repos\adaboost_opencv\adaboost_opencv\trainbluedata.cpp(920): warning C4244: '인수': 'float'에서 '_Tp'(으)로 변환하면서 데이터가 손실될 수 있습니다.
          with
          [
              _Tp=int
          ]
c:\users\daseul\source\repos\adaboost_opencv\adaboost_opencv\trainbluedata.cpp(921): warning C4244: '인수': 'float'에서 '_Tp'(으)로 변환하면서 데이터가 손실될 수 있습니다.
          with
          [
              _Tp=int
          ]
c:\users\daseul\source\repos\adaboost_opencv\adaboost_opencv\trainbluedata.cpp(963): warning C4101: 'outputCopy' :참조되지 않은 지역 변수입니다.
  코드를 생성하고 있습니다.
  2 of 527 functions ( 0.4%) were compiled, the rest were copied from previous compilation.
    0 functions were new in current compilation
    0 functions had inline decision re-evaluated but remain unchanged
  코드를 생성했습니다.
  adaboost_opencv.vcxproj -> C:\Users\daseul\source\repos\adaboost_opencv\x64\Release\adaboost_opencv.exe
